Jan 27 2023 09:17:18
{"type":8192,"message":"Constant FILTER_SANITIZE_STRING is deprecated","file":"\/home\/xs306503\/sunplads-staging.com\/public_html\/test_up\/osaka\/monmarche.jp\/lp\/wp-content\/plugins\/block-lab\/php\/admin\/class-admin.php","line":150}

Jan 27 2023 09:17:19
{"type":8192,"message":"Constant FILTER_SANITIZE_STRING is deprecated","file":"\/home\/xs306503\/sunplads-staging.com\/public_html\/test_up\/osaka\/monmarche.jp\/lp\/wp-content\/plugins\/block-lab\/php\/admin\/class-admin.php","line":150}

Feb 02 2023 06:15:31
{"type":8192,"message":"str_replace(): Passing null to parameter #3 ($subject) of type array|string is deprecated","file":"\/home\/xs306503\/sunplads-staging.com\/public_html\/test_up\/osaka\/monmarche.jp\/lp\/wp-includes\/functions.php","line":2162}

Feb 02 2023 06:15:31
{"type":8192,"message":"str_replace(): Passing null to parameter #3 ($subject) of type array|string is deprecated","file":"\/home\/xs306503\/sunplads-staging.com\/public_html\/test_up\/osaka\/monmarche.jp\/lp\/wp-includes\/functions.php","line":2162}

Feb 02 2023 06:15:31
{"type":8192,"message":"str_replace(): Passing null to parameter #3 ($subject) of type array|string is deprecated","file":"\/home\/xs306503\/sunplads-staging.com\/public_html\/test_up\/osaka\/monmarche.jp\/lp\/wp-includes\/functions.php","line":2162}

Feb 02 2023 06:15:31
{"type":8192,"message":"str_replace(): Passing null to parameter #3 ($subject) of type array|string is deprecated","file":"\/home\/xs306503\/sunplads-staging.com\/public_html\/test_up\/osaka\/monmarche.jp\/lp\/wp-includes\/functions.php","line":2162}

Feb 02 2023 06:15:31
{"Number":8192,"Message":"base64_encode(): Passing null to parameter #1 ($string) of type string is deprecated","File":"\/home\/xs306503\/sunplads-staging.com\/public_html\/test_up\/osaka\/monmarche.jp\/lp\/wp-content\/plugins\/all-in-one-wp-migration\/lib\/model\/export\/class-ai1wm-export-config.php","Line":171}

Feb 02 2023 06:15:31
{"type":8192,"message":"str_replace(): Passing null to parameter #3 ($subject) of type array|string is deprecated","file":"\/home\/xs306503\/sunplads-staging.com\/public_html\/test_up\/osaka\/monmarche.jp\/lp\/wp-includes\/functions.php","line":2162}

Feb 02 2023 06:15:31
{"type":8192,"message":"str_replace(): Passing null to parameter #3 ($subject) of type array|string is deprecated","file":"\/home\/xs306503\/sunplads-staging.com\/public_html\/test_up\/osaka\/monmarche.jp\/lp\/wp-includes\/functions.php","line":2162}

Feb 02 2023 06:15:31
{"type":8192,"message":"str_replace(): Passing null to parameter #3 ($subject) of type array|string is deprecated","file":"\/home\/xs306503\/sunplads-staging.com\/public_html\/test_up\/osaka\/monmarche.jp\/lp\/wp-includes\/functions.php","line":2162}

Feb 02 2023 06:15:31
{"type":8192,"message":"str_replace(): Passing null to parameter #3 ($subject) of type array|string is deprecated","file":"\/home\/xs306503\/sunplads-staging.com\/public_html\/test_up\/osaka\/monmarche.jp\/lp\/wp-includes\/functions.php","line":2162}

Feb 02 2023 06:15:32
{"type":8192,"message":"str_replace(): Passing null to parameter #3 ($subject) of type array|string is deprecated","file":"\/home\/xs306503\/sunplads-staging.com\/public_html\/test_up\/osaka\/monmarche.jp\/lp\/wp-includes\/functions.php","line":2162}

Feb 02 2023 06:15:32
{"type":8192,"message":"str_replace(): Passing null to parameter #3 ($subject) of type array|string is deprecated","file":"\/home\/xs306503\/sunplads-staging.com\/public_html\/test_up\/osaka\/monmarche.jp\/lp\/wp-includes\/functions.php","line":2162}

Feb 02 2023 06:15:32
{"type":8192,"message":"str_replace(): Passing null to parameter #3 ($subject) of type array|string is deprecated","file":"\/home\/xs306503\/sunplads-staging.com\/public_html\/test_up\/osaka\/monmarche.jp\/lp\/wp-includes\/functions.php","line":2162}

Feb 02 2023 06:15:32
{"type":8192,"message":"str_replace(): Passing null to parameter #3 ($subject) of type array|string is deprecated","file":"\/home\/xs306503\/sunplads-staging.com\/public_html\/test_up\/osaka\/monmarche.jp\/lp\/wp-includes\/functions.php","line":2162}

Feb 02 2023 06:15:32
{"type":8192,"message":"str_replace(): Passing null to parameter #3 ($subject) of type array|string is deprecated","file":"\/home\/xs306503\/sunplads-staging.com\/public_html\/test_up\/osaka\/monmarche.jp\/lp\/wp-includes\/functions.php","line":2162}

Feb 02 2023 06:15:32
{"type":8192,"message":"str_replace(): Passing null to parameter #3 ($subject) of type array|string is deprecated","file":"\/home\/xs306503\/sunplads-staging.com\/public_html\/test_up\/osaka\/monmarche.jp\/lp\/wp-includes\/functions.php","line":2162}

Feb 02 2023 06:15:32
{"type":8192,"message":"str_replace(): Passing null to parameter #3 ($subject) of type array|string is deprecated","file":"\/home\/xs306503\/sunplads-staging.com\/public_html\/test_up\/osaka\/monmarche.jp\/lp\/wp-includes\/functions.php","line":2162}

Feb 02 2023 06:15:33
{"type":8192,"message":"str_replace(): Passing null to parameter #3 ($subject) of type array|string is deprecated","file":"\/home\/xs306503\/sunplads-staging.com\/public_html\/test_up\/osaka\/monmarche.jp\/lp\/wp-includes\/functions.php","line":2162}

Feb 02 2023 06:15:33
{"type":8192,"message":"str_replace(): Passing null to parameter #3 ($subject) of type array|string is deprecated","file":"\/home\/xs306503\/sunplads-staging.com\/public_html\/test_up\/osaka\/monmarche.jp\/lp\/wp-includes\/functions.php","line":2162}

Feb 02 2023 06:15:33
{"type":8192,"message":"str_replace(): Passing null to parameter #3 ($subject) of type array|string is deprecated","file":"\/home\/xs306503\/sunplads-staging.com\/public_html\/test_up\/osaka\/monmarche.jp\/lp\/wp-includes\/functions.php","line":2162}

Feb 02 2023 06:15:33
{"type":8192,"message":"str_replace(): Passing null to parameter #3 ($subject) of type array|string is deprecated","file":"\/home\/xs306503\/sunplads-staging.com\/public_html\/test_up\/osaka\/monmarche.jp\/lp\/wp-includes\/functions.php","line":2162}

Feb 02 2023 06:15:34
{"type":8192,"message":"str_replace(): Passing null to parameter #3 ($subject) of type array|string is deprecated","file":"\/home\/xs306503\/sunplads-staging.com\/public_html\/test_up\/osaka\/monmarche.jp\/lp\/wp-includes\/functions.php","line":2162}

Feb 02 2023 06:16:42
{"type":8192,"message":"str_replace(): Passing null to parameter #3 ($subject) of type array|string is deprecated","file":"\/home\/xs306503\/sunplads-staging.com\/public_html\/test_up\/osaka\/monmarche.jp\/lp\/wp-includes\/functions.php","line":2162}

Feb 02 2023 06:16:42
{"type":8192,"message":"str_replace(): Passing null to parameter #3 ($subject) of type array|string is deprecated","file":"\/home\/xs306503\/sunplads-staging.com\/public_html\/test_up\/osaka\/monmarche.jp\/lp\/wp-includes\/functions.php","line":2162}

Feb 02 2023 06:16:42
{"type":8192,"message":"str_replace(): Passing null to parameter #3 ($subject) of type array|string is deprecated","file":"\/home\/xs306503\/sunplads-staging.com\/public_html\/test_up\/osaka\/monmarche.jp\/lp\/wp-includes\/functions.php","line":2162}

Feb 02 2023 06:16:43
{"type":8192,"message":"str_replace(): Passing null to parameter #3 ($subject) of type array|string is deprecated","file":"\/home\/xs306503\/sunplads-staging.com\/public_html\/test_up\/osaka\/monmarche.jp\/lp\/wp-includes\/functions.php","line":2162}

Feb 02 2023 06:16:43
{"Number":8192,"Message":"base64_encode(): Passing null to parameter #1 ($string) of type string is deprecated","File":"\/home\/xs306503\/sunplads-staging.com\/public_html\/test_up\/osaka\/monmarche.jp\/lp\/wp-content\/plugins\/all-in-one-wp-migration\/lib\/model\/export\/class-ai1wm-export-config.php","Line":171}

Feb 02 2023 06:16:43
{"type":8192,"message":"str_replace(): Passing null to parameter #3 ($subject) of type array|string is deprecated","file":"\/home\/xs306503\/sunplads-staging.com\/public_html\/test_up\/osaka\/monmarche.jp\/lp\/wp-includes\/functions.php","line":2162}

Feb 02 2023 06:16:43
{"type":8192,"message":"str_replace(): Passing null to parameter #3 ($subject) of type array|string is deprecated","file":"\/home\/xs306503\/sunplads-staging.com\/public_html\/test_up\/osaka\/monmarche.jp\/lp\/wp-includes\/functions.php","line":2162}

Feb 02 2023 06:16:43
{"type":8192,"message":"str_replace(): Passing null to parameter #3 ($subject) of type array|string is deprecated","file":"\/home\/xs306503\/sunplads-staging.com\/public_html\/test_up\/osaka\/monmarche.jp\/lp\/wp-includes\/functions.php","line":2162}

Feb 02 2023 06:16:43
{"type":8192,"message":"str_replace(): Passing null to parameter #3 ($subject) of type array|string is deprecated","file":"\/home\/xs306503\/sunplads-staging.com\/public_html\/test_up\/osaka\/monmarche.jp\/lp\/wp-includes\/functions.php","line":2162}

Feb 02 2023 06:16:43
{"type":8192,"message":"str_replace(): Passing null to parameter #3 ($subject) of type array|string is deprecated","file":"\/home\/xs306503\/sunplads-staging.com\/public_html\/test_up\/osaka\/monmarche.jp\/lp\/wp-includes\/functions.php","line":2162}

Feb 02 2023 06:16:43
{"type":8192,"message":"str_replace(): Passing null to parameter #3 ($subject) of type array|string is deprecated","file":"\/home\/xs306503\/sunplads-staging.com\/public_html\/test_up\/osaka\/monmarche.jp\/lp\/wp-includes\/functions.php","line":2162}

Feb 02 2023 06:16:43
{"type":8192,"message":"str_replace(): Passing null to parameter #3 ($subject) of type array|string is deprecated","file":"\/home\/xs306503\/sunplads-staging.com\/public_html\/test_up\/osaka\/monmarche.jp\/lp\/wp-includes\/functions.php","line":2162}

Feb 02 2023 06:16:43
{"type":8192,"message":"str_replace(): Passing null to parameter #3 ($subject) of type array|string is deprecated","file":"\/home\/xs306503\/sunplads-staging.com\/public_html\/test_up\/osaka\/monmarche.jp\/lp\/wp-includes\/functions.php","line":2162}

Feb 02 2023 06:16:43
{"type":8192,"message":"str_replace(): Passing null to parameter #3 ($subject) of type array|string is deprecated","file":"\/home\/xs306503\/sunplads-staging.com\/public_html\/test_up\/osaka\/monmarche.jp\/lp\/wp-includes\/functions.php","line":2162}

Feb 02 2023 06:16:44
{"type":8192,"message":"str_replace(): Passing null to parameter #3 ($subject) of type array|string is deprecated","file":"\/home\/xs306503\/sunplads-staging.com\/public_html\/test_up\/osaka\/monmarche.jp\/lp\/wp-includes\/functions.php","line":2162}

Feb 02 2023 06:16:44
{"type":8192,"message":"str_replace(): Passing null to parameter #3 ($subject) of type array|string is deprecated","file":"\/home\/xs306503\/sunplads-staging.com\/public_html\/test_up\/osaka\/monmarche.jp\/lp\/wp-includes\/functions.php","line":2162}

Feb 02 2023 06:16:44
{"type":8192,"message":"str_replace(): Passing null to parameter #3 ($subject) of type array|string is deprecated","file":"\/home\/xs306503\/sunplads-staging.com\/public_html\/test_up\/osaka\/monmarche.jp\/lp\/wp-includes\/functions.php","line":2162}

Feb 02 2023 06:16:44
{"type":8192,"message":"str_replace(): Passing null to parameter #3 ($subject) of type array|string is deprecated","file":"\/home\/xs306503\/sunplads-staging.com\/public_html\/test_up\/osaka\/monmarche.jp\/lp\/wp-includes\/functions.php","line":2162}

Feb 02 2023 06:16:44
{"type":8192,"message":"str_replace(): Passing null to parameter #3 ($subject) of type array|string is deprecated","file":"\/home\/xs306503\/sunplads-staging.com\/public_html\/test_up\/osaka\/monmarche.jp\/lp\/wp-includes\/functions.php","line":2162}

Feb 02 2023 06:16:44
{"type":8192,"message":"str_replace(): Passing null to parameter #3 ($subject) of type array|string is deprecated","file":"\/home\/xs306503\/sunplads-staging.com\/public_html\/test_up\/osaka\/monmarche.jp\/lp\/wp-includes\/functions.php","line":2162}

Feb 02 2023 06:16:46
{"type":8192,"message":"str_replace(): Passing null to parameter #3 ($subject) of type array|string is deprecated","file":"\/home\/xs306503\/sunplads-staging.com\/public_html\/test_up\/osaka\/monmarche.jp\/lp\/wp-includes\/functions.php","line":2162}

Feb 02 2023 06:18:21
{"type":8192,"message":"Return type of Requests_Utility_CaseInsensitiveDictionary::getIterator() should either be compatible with IteratorAggregate::getIterator(): Traversable, or the #[\\ReturnTypeWillChange] attribute should be used to temporarily suppress the notice","file":"\/home\/xs306503\/sunplads-staging.com\/public_html\/test_up\/osaka\/monmarche.jp\/lp\/wp-includes\/Requests\/Utility\/CaseInsensitiveDictionary.php","line":91}

Feb 02 2023 06:18:24
{"type":8192,"message":"str_replace(): Passing null to parameter #3 ($subject) of type array|string is deprecated","file":"\/home\/xs306503\/sunplads-staging.com\/public_html\/test_up\/osaka\/monmarche.jp\/lp\/wp-includes\/functions.php","line":2162}

Feb 02 2023 06:18:25
{"type":8192,"message":"str_replace(): Passing null to parameter #3 ($subject) of type array|string is deprecated","file":"\/home\/xs306503\/sunplads-staging.com\/public_html\/test_up\/osaka\/monmarche.jp\/lp\/wp-includes\/functions.php","line":2162}

Feb 02 2023 06:18:25
{"type":8192,"message":"str_replace(): Passing null to parameter #3 ($subject) of type array|string is deprecated","file":"\/home\/xs306503\/sunplads-staging.com\/public_html\/test_up\/osaka\/monmarche.jp\/lp\/wp-includes\/functions.php","line":2162}

Feb 02 2023 06:18:25
{"type":8192,"message":"str_replace(): Passing null to parameter #3 ($subject) of type array|string is deprecated","file":"\/home\/xs306503\/sunplads-staging.com\/public_html\/test_up\/osaka\/monmarche.jp\/lp\/wp-includes\/functions.php","line":2162}

Feb 02 2023 06:18:25
{"type":8192,"message":"str_replace(): Passing null to parameter #3 ($subject) of type array|string is deprecated","file":"\/home\/xs306503\/sunplads-staging.com\/public_html\/test_up\/osaka\/monmarche.jp\/lp\/wp-includes\/functions.php","line":2162}

Feb 02 2023 06:18:25
{"Number":8192,"Message":"base64_encode(): Passing null to parameter #1 ($string) of type string is deprecated","File":"\/home\/xs306503\/sunplads-staging.com\/public_html\/test_up\/osaka\/monmarche.jp\/lp\/wp-content\/plugins\/all-in-one-wp-migration\/lib\/model\/export\/class-ai1wm-export-config.php","Line":171}

Feb 02 2023 06:18:25
{"type":8192,"message":"str_replace(): Passing null to parameter #3 ($subject) of type array|string is deprecated","file":"\/home\/xs306503\/sunplads-staging.com\/public_html\/test_up\/osaka\/monmarche.jp\/lp\/wp-includes\/functions.php","line":2162}

Feb 02 2023 06:18:25
{"type":8192,"message":"str_replace(): Passing null to parameter #3 ($subject) of type array|string is deprecated","file":"\/home\/xs306503\/sunplads-staging.com\/public_html\/test_up\/osaka\/monmarche.jp\/lp\/wp-includes\/functions.php","line":2162}

Feb 02 2023 06:18:25
{"type":8192,"message":"str_replace(): Passing null to parameter #3 ($subject) of type array|string is deprecated","file":"\/home\/xs306503\/sunplads-staging.com\/public_html\/test_up\/osaka\/monmarche.jp\/lp\/wp-includes\/functions.php","line":2162}

Feb 02 2023 06:18:25
{"type":8192,"message":"str_replace(): Passing null to parameter #3 ($subject) of type array|string is deprecated","file":"\/home\/xs306503\/sunplads-staging.com\/public_html\/test_up\/osaka\/monmarche.jp\/lp\/wp-includes\/functions.php","line":2162}

Feb 02 2023 06:18:25
{"type":8192,"message":"str_replace(): Passing null to parameter #3 ($subject) of type array|string is deprecated","file":"\/home\/xs306503\/sunplads-staging.com\/public_html\/test_up\/osaka\/monmarche.jp\/lp\/wp-includes\/functions.php","line":2162}

Feb 02 2023 06:18:25
{"type":8192,"message":"str_replace(): Passing null to parameter #3 ($subject) of type array|string is deprecated","file":"\/home\/xs306503\/sunplads-staging.com\/public_html\/test_up\/osaka\/monmarche.jp\/lp\/wp-includes\/functions.php","line":2162}

Feb 02 2023 06:18:25
{"type":8192,"message":"str_replace(): Passing null to parameter #3 ($subject) of type array|string is deprecated","file":"\/home\/xs306503\/sunplads-staging.com\/public_html\/test_up\/osaka\/monmarche.jp\/lp\/wp-includes\/functions.php","line":2162}

Feb 02 2023 06:18:25
{"type":8192,"message":"str_replace(): Passing null to parameter #3 ($subject) of type array|string is deprecated","file":"\/home\/xs306503\/sunplads-staging.com\/public_html\/test_up\/osaka\/monmarche.jp\/lp\/wp-includes\/functions.php","line":2162}

Feb 02 2023 06:18:26
{"type":8192,"message":"str_replace(): Passing null to parameter #3 ($subject) of type array|string is deprecated","file":"\/home\/xs306503\/sunplads-staging.com\/public_html\/test_up\/osaka\/monmarche.jp\/lp\/wp-includes\/functions.php","line":2162}

Feb 02 2023 06:18:26
{"type":8192,"message":"str_replace(): Passing null to parameter #3 ($subject) of type array|string is deprecated","file":"\/home\/xs306503\/sunplads-staging.com\/public_html\/test_up\/osaka\/monmarche.jp\/lp\/wp-includes\/functions.php","line":2162}

Feb 02 2023 06:18:26
{"type":8192,"message":"str_replace(): Passing null to parameter #3 ($subject) of type array|string is deprecated","file":"\/home\/xs306503\/sunplads-staging.com\/public_html\/test_up\/osaka\/monmarche.jp\/lp\/wp-includes\/functions.php","line":2162}

Feb 02 2023 06:18:26
{"type":8192,"message":"str_replace(): Passing null to parameter #3 ($subject) of type array|string is deprecated","file":"\/home\/xs306503\/sunplads-staging.com\/public_html\/test_up\/osaka\/monmarche.jp\/lp\/wp-includes\/functions.php","line":2162}

Feb 02 2023 06:18:26
{"type":8192,"message":"str_replace(): Passing null to parameter #3 ($subject) of type array|string is deprecated","file":"\/home\/xs306503\/sunplads-staging.com\/public_html\/test_up\/osaka\/monmarche.jp\/lp\/wp-includes\/functions.php","line":2162}

Feb 02 2023 06:18:26
{"type":8192,"message":"str_replace(): Passing null to parameter #3 ($subject) of type array|string is deprecated","file":"\/home\/xs306503\/sunplads-staging.com\/public_html\/test_up\/osaka\/monmarche.jp\/lp\/wp-includes\/functions.php","line":2162}

Feb 02 2023 06:18:26
{"type":8192,"message":"str_replace(): Passing null to parameter #3 ($subject) of type array|string is deprecated","file":"\/home\/xs306503\/sunplads-staging.com\/public_html\/test_up\/osaka\/monmarche.jp\/lp\/wp-includes\/functions.php","line":2162}

Feb 02 2023 06:18:28
{"type":8192,"message":"str_replace(): Passing null to parameter #3 ($subject) of type array|string is deprecated","file":"\/home\/xs306503\/sunplads-staging.com\/public_html\/test_up\/osaka\/monmarche.jp\/lp\/wp-includes\/functions.php","line":2162}

Feb 02 2023 06:18:28
{"type":8192,"message":"str_replace(): Passing null to parameter #3 ($subject) of type array|string is deprecated","file":"\/home\/xs306503\/sunplads-staging.com\/public_html\/test_up\/osaka\/monmarche.jp\/lp\/wp-includes\/functions.php","line":2162}

